<?xml version="1.0" encoding="UTF-8"?>
<testsuite xmlns:xsi="http://www.w3.org/2001/XMLSchema-instance" xsi:noNamespaceSchemaLocation="https://maven.apache.org/surefire/maven-surefire-plugin/xsd/surefire-test-report.xsd" name="jenkins.selenium_testng_jenkins.AppTest" time="0.468" tests="1" errors="0" skipped="0" failures="0">
  <properties>
    <property name="gopherProxySet" value="false"/>
    <property name="awt.toolkit" value="sun.lwawt.macosx.LWCToolkit"/>
    <property name="file.encoding.pkg" value="sun.io"/>
    <property name="java.specification.version" value="1.8"/>
    <property name="sun.cpu.isalist" value=""/>
    <property name="sun.jnu.encoding" value="UTF-8"/>
    <property name="java.class.path" value="/Users/waquaralam/jenkins-jobs/selenium_testng_jenkins/target/test-classes:/Users/waquaralam/jenkins-jobs/selenium_testng_jenkins/target/classes:/Users/waquaralam/.m2/repository/org/seleniumhq/selenium/selenium-java/3.141.59/selenium-java-3.141.59.jar:/Users/waquaralam/.m2/repository/org/seleniumhq/selenium/selenium-api/3.141.59/selenium-api-3.141.59.jar:/Users/waquaralam/.m2/repository/org/seleniumhq/selenium/selenium-chrome-driver/3.141.59/selenium-chrome-driver-3.141.59.jar:/Users/waquaralam/.m2/repository/org/seleniumhq/selenium/selenium-edge-driver/3.141.59/selenium-edge-driver-3.141.59.jar:/Users/waquaralam/.m2/repository/org/seleniumhq/selenium/selenium-firefox-driver/3.141.59/selenium-firefox-driver-3.141.59.jar:/Users/waquaralam/.m2/repository/org/seleniumhq/selenium/selenium-ie-driver/3.141.59/selenium-ie-driver-3.141.59.jar:/Users/waquaralam/.m2/repository/org/seleniumhq/selenium/selenium-opera-driver/3.141.59/selenium-opera-driver-3.141.59.jar:/Users/waquaralam/.m2/repository/org/seleniumhq/selenium/selenium-remote-driver/3.141.59/selenium-remote-driver-3.141.59.jar:/Users/waquaralam/.m2/repository/org/seleniumhq/selenium/selenium-safari-driver/3.141.59/selenium-safari-driver-3.141.59.jar:/Users/waquaralam/.m2/repository/org/seleniumhq/selenium/selenium-support/3.141.59/selenium-support-3.141.59.jar:/Users/waquaralam/.m2/repository/net/bytebuddy/byte-buddy/1.8.15/byte-buddy-1.8.15.jar:/Users/waquaralam/.m2/repository/org/apache/commons/commons-exec/1.3/commons-exec-1.3.jar:/Users/waquaralam/.m2/repository/com/google/guava/guava/25.0-jre/guava-25.0-jre.jar:/Users/waquaralam/.m2/repository/com/google/code/findbugs/jsr305/1.3.9/jsr305-1.3.9.jar:/Users/waquaralam/.m2/repository/org/checkerframework/checker-compat-qual/2.0.0/checker-compat-qual-2.0.0.jar:/Users/waquaralam/.m2/repository/com/google/errorprone/error_prone_annotations/2.1.3/error_prone_annotations-2.1.3.jar:/Users/waquaralam/.m2/repository/com/google/j2objc/j2objc-annotations/1.1/j2objc-annotations-1.1.jar:/Users/waquaralam/.m2/repository/org/codehaus/mojo/animal-sniffer-annotations/1.14/animal-sniffer-annotations-1.14.jar:/Users/waquaralam/.m2/repository/com/squareup/okhttp3/okhttp/3.11.0/okhttp-3.11.0.jar:/Users/waquaralam/.m2/repository/com/squareup/okio/okio/1.14.0/okio-1.14.0.jar:/Users/waquaralam/.m2/repository/org/seleniumhq/selenium/selenium-server/3.141.59/selenium-server-3.141.59.jar:/Users/waquaralam/.m2/repository/com/beust/jcommander/1.72/jcommander-1.72.jar:/Users/waquaralam/.m2/repository/net/jcip/jcip-annotations/1.0/jcip-annotations-1.0.jar:/Users/waquaralam/.m2/repository/org/seleniumhq/selenium/jetty-repacked/9.4.12.v20180830/jetty-repacked-9.4.12.v20180830.jar:/Users/waquaralam/.m2/repository/javax/servlet/javax.servlet-api/3.1.0/javax.servlet-api-3.1.0.jar:/Users/waquaralam/.m2/repository/org/yaml/snakeyaml/1.19/snakeyaml-1.19.jar:/Users/waquaralam/.m2/repository/org/testng/testng/7.1.0/testng-7.1.0.jar:/Users/waquaralam/.m2/repository/com/google/inject/guice/4.1.0/guice-4.1.0-no_aop.jar:/Users/waquaralam/.m2/repository/javax/inject/javax.inject/1/javax.inject-1.jar:/Users/waquaralam/.m2/repository/aopalliance/aopalliance/1.0/aopalliance-1.0.jar:/Users/waquaralam/.m2/repository/org/hamcrest/hamcrest-core/2.2/hamcrest-core-2.2.jar:/Users/waquaralam/.m2/repository/org/hamcrest/hamcrest/2.2/hamcrest-2.2.jar:/Users/waquaralam/.m2/repository/junit/junit/4.13/junit-4.13.jar:/Users/waquaralam/.m2/repository/commons-io/commons-io/2.6/commons-io-2.6.jar:/Users/waquaralam/.m2/repository/org/apache/xmlbeans/xmlbeans/2.6.0/xmlbeans-2.6.0.jar:/Users/waquaralam/.m2/repository/stax/stax-api/1.0.1/stax-api-1.0.1.jar:/Users/waquaralam/.m2/repository/org/apache/poi/poi/3.11/poi-3.11.jar:/Users/waquaralam/.m2/repository/commons-codec/commons-codec/1.9/commons-codec-1.9.jar:/Users/waquaralam/.m2/repository/org/apache/poi/poi-examples/3.11/poi-examples-3.11.jar:/Users/waquaralam/.m2/repository/org/apache/poi/poi-excelant/3.11/poi-excelant-3.11.jar:/Users/waquaralam/.m2/repository/org/apache/ant/ant/1.8.2/ant-1.8.2.jar:/Users/waquaralam/.m2/repository/org/apache/ant/ant-launcher/1.8.2/ant-launcher-1.8.2.jar:/Users/waquaralam/.m2/repository/org/apache/poi/poi-ooxml/3.11/poi-ooxml-3.11.jar:/Users/waquaralam/.m2/repository/org/apache/poi/poi-ooxml-schemas/3.11/poi-ooxml-schemas-3.11.jar:/Users/waquaralam/.m2/repository/org/apache/poi/poi-scratchpad/3.11/poi-scratchpad-3.11.jar:"/>
    <property name="java.vm.vendor" value="Oracle Corporation"/>
    <property name="sun.arch.data.model" value="64"/>
    <property name="java.vendor.url" value="http://java.oracle.com/"/>
    <property name="user.timezone" value=""/>
    <property name="java.vm.specification.version" value="1.8"/>
    <property name="os.name" value="Mac OS X"/>
    <property name="user.country" value="IN"/>
    <property name="sun.java.launcher" value="SUN_STANDARD"/>
    <property name="sun.boot.library.path" value="/Library/Java/JavaVirtualMachines/jdk1.8.0_231.jdk/Contents/Home/jre/lib"/>
    <property name="sun.java.command" value="/Users/waquaralam/jenkins-jobs/selenium_testng_jenkins/target/surefire/surefirebooter8161547547094618923.jar /Users/waquaralam/jenkins-jobs/selenium_testng_jenkins/target/surefire 2020-03-30T01-23-17_917-jvmRun1 surefire1026834174736024368tmp surefire_08983697412670128101tmp"/>
    <property name="http.nonProxyHosts" value="local|*.local|169.254/16|*.169.254/16"/>
    <property name="surefire.test.class.path" value="/Users/waquaralam/jenkins-jobs/selenium_testng_jenkins/target/test-classes:/Users/waquaralam/jenkins-jobs/selenium_testng_jenkins/target/classes:/Users/waquaralam/.m2/repository/org/seleniumhq/selenium/selenium-java/3.141.59/selenium-java-3.141.59.jar:/Users/waquaralam/.m2/repository/org/seleniumhq/selenium/selenium-api/3.141.59/selenium-api-3.141.59.jar:/Users/waquaralam/.m2/repository/org/seleniumhq/selenium/selenium-chrome-driver/3.141.59/selenium-chrome-driver-3.141.59.jar:/Users/waquaralam/.m2/repository/org/seleniumhq/selenium/selenium-edge-driver/3.141.59/selenium-edge-driver-3.141.59.jar:/Users/waquaralam/.m2/repository/org/seleniumhq/selenium/selenium-firefox-driver/3.141.59/selenium-firefox-driver-3.141.59.jar:/Users/waquaralam/.m2/repository/org/seleniumhq/selenium/selenium-ie-driver/3.141.59/selenium-ie-driver-3.141.59.jar:/Users/waquaralam/.m2/repository/org/seleniumhq/selenium/selenium-opera-driver/3.141.59/selenium-opera-driver-3.141.59.jar:/Users/waquaralam/.m2/repository/org/seleniumhq/selenium/selenium-remote-driver/3.141.59/selenium-remote-driver-3.141.59.jar:/Users/waquaralam/.m2/repository/org/seleniumhq/selenium/selenium-safari-driver/3.141.59/selenium-safari-driver-3.141.59.jar:/Users/waquaralam/.m2/repository/org/seleniumhq/selenium/selenium-support/3.141.59/selenium-support-3.141.59.jar:/Users/waquaralam/.m2/repository/net/bytebuddy/byte-buddy/1.8.15/byte-buddy-1.8.15.jar:/Users/waquaralam/.m2/repository/org/apache/commons/commons-exec/1.3/commons-exec-1.3.jar:/Users/waquaralam/.m2/repository/com/google/guava/guava/25.0-jre/guava-25.0-jre.jar:/Users/waquaralam/.m2/repository/com/google/code/findbugs/jsr305/1.3.9/jsr305-1.3.9.jar:/Users/waquaralam/.m2/repository/org/checkerframework/checker-compat-qual/2.0.0/checker-compat-qual-2.0.0.jar:/Users/waquaralam/.m2/repository/com/google/errorprone/error_prone_annotations/2.1.3/error_prone_annotations-2.1.3.jar:/Users/waquaralam/.m2/repository/com/google/j2objc/j2objc-annotations/1.1/j2objc-annotations-1.1.jar:/Users/waquaralam/.m2/repository/org/codehaus/mojo/animal-sniffer-annotations/1.14/animal-sniffer-annotations-1.14.jar:/Users/waquaralam/.m2/repository/com/squareup/okhttp3/okhttp/3.11.0/okhttp-3.11.0.jar:/Users/waquaralam/.m2/repository/com/squareup/okio/okio/1.14.0/okio-1.14.0.jar:/Users/waquaralam/.m2/repository/org/seleniumhq/selenium/selenium-server/3.141.59/selenium-server-3.141.59.jar:/Users/waquaralam/.m2/repository/com/beust/jcommander/1.72/jcommander-1.72.jar:/Users/waquaralam/.m2/repository/net/jcip/jcip-annotations/1.0/jcip-annotations-1.0.jar:/Users/waquaralam/.m2/repository/org/seleniumhq/selenium/jetty-repacked/9.4.12.v20180830/jetty-repacked-9.4.12.v20180830.jar:/Users/waquaralam/.m2/repository/javax/servlet/javax.servlet-api/3.1.0/javax.servlet-api-3.1.0.jar:/Users/waquaralam/.m2/repository/org/yaml/snakeyaml/1.19/snakeyaml-1.19.jar:/Users/waquaralam/.m2/repository/org/testng/testng/7.1.0/testng-7.1.0.jar:/Users/waquaralam/.m2/repository/com/google/inject/guice/4.1.0/guice-4.1.0-no_aop.jar:/Users/waquaralam/.m2/repository/javax/inject/javax.inject/1/javax.inject-1.jar:/Users/waquaralam/.m2/repository/aopalliance/aopalliance/1.0/aopalliance-1.0.jar:/Users/waquaralam/.m2/repository/org/hamcrest/hamcrest-core/2.2/hamcrest-core-2.2.jar:/Users/waquaralam/.m2/repository/org/hamcrest/hamcrest/2.2/hamcrest-2.2.jar:/Users/waquaralam/.m2/repository/junit/junit/4.13/junit-4.13.jar:/Users/waquaralam/.m2/repository/commons-io/commons-io/2.6/commons-io-2.6.jar:/Users/waquaralam/.m2/repository/org/apache/xmlbeans/xmlbeans/2.6.0/xmlbeans-2.6.0.jar:/Users/waquaralam/.m2/repository/stax/stax-api/1.0.1/stax-api-1.0.1.jar:/Users/waquaralam/.m2/repository/org/apache/poi/poi/3.11/poi-3.11.jar:/Users/waquaralam/.m2/repository/commons-codec/commons-codec/1.9/commons-codec-1.9.jar:/Users/waquaralam/.m2/repository/org/apache/poi/poi-examples/3.11/poi-examples-3.11.jar:/Users/waquaralam/.m2/repository/org/apache/poi/poi-excelant/3.11/poi-excelant-3.11.jar:/Users/waquaralam/.m2/repository/org/apache/ant/ant/1.8.2/ant-1.8.2.jar:/Users/waquaralam/.m2/repository/org/apache/ant/ant-launcher/1.8.2/ant-launcher-1.8.2.jar:/Users/waquaralam/.m2/repository/org/apache/poi/poi-ooxml/3.11/poi-ooxml-3.11.jar:/Users/waquaralam/.m2/repository/org/apache/poi/poi-ooxml-schemas/3.11/poi-ooxml-schemas-3.11.jar:/Users/waquaralam/.m2/repository/org/apache/poi/poi-scratchpad/3.11/poi-scratchpad-3.11.jar:"/>
    <property name="sun.cpu.endian" value="little"/>
    <property name="user.home" value="/Users/waquaralam"/>
    <property name="user.language" value="en"/>
    <property name="java.specification.vendor" value="Oracle Corporation"/>
    <property name="java.home" value="/Library/Java/JavaVirtualMachines/jdk1.8.0_231.jdk/Contents/Home/jre"/>
    <property name="basedir" value="/Users/waquaralam/jenkins-jobs/selenium_testng_jenkins"/>
    <property name="file.separator" value="/"/>
    <property name="line.separator" value="&#10;"/>
    <property name="java.vm.specification.vendor" value="Oracle Corporation"/>
    <property name="java.specification.name" value="Java Platform API Specification"/>
    <property name="java.awt.graphicsenv" value="sun.awt.CGraphicsEnvironment"/>
    <property name="surefire.real.class.path" value="/Users/waquaralam/jenkins-jobs/selenium_testng_jenkins/target/surefire/surefirebooter8161547547094618923.jar"/>
    <property name="sun.boot.class.path" value="/Library/Java/JavaVirtualMachines/jdk1.8.0_231.jdk/Contents/Home/jre/lib/resources.jar:/Library/Java/JavaVirtualMachines/jdk1.8.0_231.jdk/Contents/Home/jre/lib/rt.jar:/Library/Java/JavaVirtualMachines/jdk1.8.0_231.jdk/Contents/Home/jre/lib/sunrsasign.jar:/Library/Java/JavaVirtualMachines/jdk1.8.0_231.jdk/Contents/Home/jre/lib/jsse.jar:/Library/Java/JavaVirtualMachines/jdk1.8.0_231.jdk/Contents/Home/jre/lib/jce.jar:/Library/Java/JavaVirtualMachines/jdk1.8.0_231.jdk/Contents/Home/jre/lib/charsets.jar:/Library/Java/JavaVirtualMachines/jdk1.8.0_231.jdk/Contents/Home/jre/lib/jfr.jar:/Library/Java/JavaVirtualMachines/jdk1.8.0_231.jdk/Contents/Home/jre/classes"/>
    <property name="sun.management.compiler" value="HotSpot 64-Bit Tiered Compilers"/>
    <property name="ftp.nonProxyHosts" value="local|*.local|169.254/16|*.169.254/16"/>
    <property name="java.runtime.version" value="1.8.0_231-b11"/>
    <property name="user.name" value="waquaralam"/>
    <property name="path.separator" value=":"/>
    <property name="os.version" value="10.15.4"/>
    <property name="java.endorsed.dirs" value="/Library/Java/JavaVirtualMachines/jdk1.8.0_231.jdk/Contents/Home/jre/lib/endorsed"/>
    <property name="java.runtime.name" value="Java(TM) SE Runtime Environment"/>
    <property name="file.encoding" value="UTF-8"/>
    <property name="java.vm.name" value="Java HotSpot(TM) 64-Bit Server VM"/>
    <property name="localRepository" value="/Users/waquaralam/.m2/repository"/>
    <property name="java.vendor.url.bug" value="http://bugreport.sun.com/bugreport/"/>
    <property name="java.io.tmpdir" value="/var/folders/34/v4fcj6hd7l10spwvq_jg4bh40000gn/T/"/>
    <property name="java.version" value="1.8.0_231"/>
    <property name="user.dir" value="/Users/waquaralam/jenkins-jobs/selenium_testng_jenkins"/>
    <property name="os.arch" value="x86_64"/>
    <property name="java.vm.specification.name" value="Java Virtual Machine Specification"/>
    <property name="java.awt.printerjob" value="sun.lwawt.macosx.CPrinterJob"/>
    <property name="sun.os.patch.level" value="unknown"/>
    <property name="java.library.path" value="/Users/waquaralam/Library/Java/Extensions:/Library/Java/Extensions:/Network/Library/Java/Extensions:/System/Library/Java/Extensions:/usr/lib/java:."/>
    <property name="java.vm.info" value="mixed mode"/>
    <property name="java.vendor" value="Oracle Corporation"/>
    <property name="java.vm.version" value="25.231-b11"/>
    <property name="java.ext.dirs" value="/Users/waquaralam/Library/Java/Extensions:/Library/Java/JavaVirtualMachines/jdk1.8.0_231.jdk/Contents/Home/jre/lib/ext:/Library/Java/Extensions:/Network/Library/Java/Extensions:/System/Library/Java/Extensions:/usr/lib/java"/>
    <property name="sun.io.unicode.encoding" value="UnicodeBig"/>
    <property name="java.class.version" value="52.0"/>
    <property name="socksNonProxyHosts" value="local|*.local|169.254/16|*.169.254/16"/>
  </properties>
  <testcase name="shouldAnswerWithTrue" classname="jenkins.selenium_testng_jenkins.AppTest" time="0.009"/>
</testsuite>