<?xml version="1.0" encoding="UTF-8"?>
<!-- Generated by org.testng.reporters.JUnitReportReporter -->
<testsuite skipped="0" hostname="192.168.1.4" name="jenkins.selenium_testng_jenkins.AppTest" tests="1" failures="0" timestamp="2020-03-30T00:55:07 IST" time="0.011" errors="0">
  <testcase name="shouldAnswerWithTrue" time="0.011" classname="jenkins.selenium_testng_jenkins.AppTest"/>
  <system-out/>
</testsuite> <!-- jenkins.selenium_testng_jenkins.AppTest -->
